Analysis & Synthesis report for ALU
Tue Oct 07 16:43:54 2014
Quartus II 64-Bit Version 13.1.0 Build 162 10/23/2013 SJ Web Edition


---------------------
; Table of Contents ;
---------------------
  1. Legal Notice
  2. Analysis & Synthesis Summary
  3. Analysis & Synthesis Settings
  4. Parallel Compilation
  5. Analysis & Synthesis Source Files Read
  6. Analysis & Synthesis Resource Usage Summary
  7. Analysis & Synthesis Resource Utilization by Entity
  8. User-Specified and Inferred Latches
  9. General Register Statistics
 10. Analysis & Synthesis Messages



----------------
; Legal Notice ;
----------------
Copyright (C) 1991-2013 Altera Corporation
Your use of Altera Corporation's design tools, logic functions 
and other software and tools, and its AMPP partner logic 
functions, and any output files from any of the foregoing 
(including device programming or simulation files), and any 
associated documentation or information are expressly subject 
to the terms and conditions of the Altera Program License 
Subscription Agreement, Altera MegaCore Function License 
Agreement, or other applicable license agreement, including, 
without limitation, that your use is for the sole purpose of 
programming logic devices manufactured by Altera and sold by 
Altera or its authorized distributors.  Please refer to the 
applicable agreement for further details.



+--------------------------------------------------------------------------+
; Analysis & Synthesis Summary                                             ;
+-----------------------------+--------------------------------------------+
; Analysis & Synthesis Status ; Successful - Tue Oct 07 16:43:54 2014      ;
; Quartus II 64-Bit Version   ; 13.1.0 Build 162 10/23/2013 SJ Web Edition ;
; Revision Name               ; ALU                                        ;
; Top-level Entity Name       ; ALU                                        ;
; Family                      ; MAX V                                      ;
; Total logic elements        ; 54                                         ;
; Total pins                  ; 60                                         ;
; Total virtual pins          ; 0                                          ;
; UFM blocks                  ; 0 / 1 ( 0 % )                              ;
+-----------------------------+--------------------------------------------+


+----------------------------------------------------------------------------------------------------------------------+
; Analysis & Synthesis Settings                                                                                        ;
+----------------------------------------------------------------------------+--------------------+--------------------+
; Option                                                                     ; Setting            ; Default Value      ;
+----------------------------------------------------------------------------+--------------------+--------------------+
; Top-level entity name                                                      ; ALU                ; ALU                ;
; Family name                                                                ; MAX V              ; Cyclone IV GX      ;
; Use smart compilation                                                      ; Off                ; Off                ;
; Enable parallel Assembler and TimeQuest Timing Analyzer during compilation ; On                 ; On                 ;
; Enable compact report table                                                ; Off                ; Off                ;
; Restructure Multiplexers                                                   ; Auto               ; Auto               ;
; Create Debugging Nodes for IP Cores                                        ; Off                ; Off                ;
; Preserve fewer node names                                                  ; On                 ; On                 ;
; Disable OpenCore Plus hardware evaluation                                  ; Off                ; Off                ;
; Verilog Version                                                            ; Verilog_2001       ; Verilog_2001       ;
; VHDL Version                                                               ; VHDL_1993          ; VHDL_1993          ;
; State Machine Processing                                                   ; Auto               ; Auto               ;
; Safe State Machine                                                         ; Off                ; Off                ;
; Extract Verilog State Machines                                             ; On                 ; On                 ;
; Extract VHDL State Machines                                                ; On                 ; On                 ;
; Ignore Verilog initial constructs                                          ; Off                ; Off                ;
; Iteration limit for constant Verilog loops                                 ; 5000               ; 5000               ;
; Iteration limit for non-constant Verilog loops                             ; 250                ; 250                ;
; Add Pass-Through Logic to Inferred RAMs                                    ; On                 ; On                 ;
; Infer RAMs from Raw Logic                                                  ; On                 ; On                 ;
; Parallel Synthesis                                                         ; On                 ; On                 ;
; NOT Gate Push-Back                                                         ; On                 ; On                 ;
; Power-Up Don't Care                                                        ; On                 ; On                 ;
; Remove Redundant Logic Cells                                               ; Off                ; Off                ;
; Remove Duplicate Registers                                                 ; On                 ; On                 ;
; Ignore CARRY Buffers                                                       ; Off                ; Off                ;
; Ignore CASCADE Buffers                                                     ; Off                ; Off                ;
; Ignore GLOBAL Buffers                                                      ; Off                ; Off                ;
; Ignore ROW GLOBAL Buffers                                                  ; Off                ; Off                ;
; Ignore LCELL Buffers                                                       ; Off                ; Off                ;
; Ignore SOFT Buffers                                                        ; On                 ; On                 ;
; Limit AHDL Integers to 32 Bits                                             ; Off                ; Off                ;
; Optimization Technique                                                     ; Balanced           ; Balanced           ;
; Carry Chain Length                                                         ; 70                 ; 70                 ;
; Auto Carry Chains                                                          ; On                 ; On                 ;
; Auto Open-Drain Pins                                                       ; On                 ; On                 ;
; Perform WYSIWYG Primitive Resynthesis                                      ; Off                ; Off                ;
; Auto Shift Register Replacement                                            ; Auto               ; Auto               ;
; Allow Shift Register Merging across Hierarchies                            ; Auto               ; Auto               ;
; Auto Clock Enable Replacement                                              ; On                 ; On                 ;
; Allow Synchronous Control Signals                                          ; On                 ; On                 ;
; Force Use of Synchronous Clear Signals                                     ; Off                ; Off                ;
; Auto Resource Sharing                                                      ; Off                ; Off                ;
; Use LogicLock Constraints during Resource Balancing                        ; On                 ; On                 ;
; Ignore translate_off and synthesis_off directives                          ; Off                ; Off                ;
; Report Parameter Settings                                                  ; On                 ; On                 ;
; Report Source Assignments                                                  ; On                 ; On                 ;
; Report Connectivity Checks                                                 ; On                 ; On                 ;
; Ignore Maximum Fan-Out Assignments                                         ; Off                ; Off                ;
; Synchronization Register Chain Length                                      ; 2                  ; 2                  ;
; PowerPlay Power Optimization                                               ; Normal compilation ; Normal compilation ;
; HDL message level                                                          ; Level2             ; Level2             ;
; Suppress Register Optimization Related Messages                            ; Off                ; Off                ;
; Number of Removed Registers Reported in Synthesis Report                   ; 5000               ; 5000               ;
; Number of Swept Nodes Reported in Synthesis Report                         ; 5000               ; 5000               ;
; Number of Inverted Registers Reported in Synthesis Report                  ; 100                ; 100                ;
; Clock MUX Protection                                                       ; On                 ; On                 ;
; Block Design Naming                                                        ; Auto               ; Auto               ;
; Synthesis Effort                                                           ; Auto               ; Auto               ;
; Shift Register Replacement - Allow Asynchronous Clear Signal               ; On                 ; On                 ;
; Pre-Mapping Resynthesis Optimization                                       ; Off                ; Off                ;
; Analysis & Synthesis Message Level                                         ; Medium             ; Medium             ;
; Disable Register Merging Across Hierarchies                                ; Auto               ; Auto               ;
; Synthesis Seed                                                             ; 1                  ; 1                  ;
+----------------------------------------------------------------------------+--------------------+--------------------+


Parallel compilation was disabled, but you have multiple processors available. Enable parallel compilation to reduce compilation time.
+-------------------------------------+
; Parallel Compilation                ;
+----------------------------+--------+
; Processors                 ; Number ;
+----------------------------+--------+
; Number detected on machine ; 4      ;
; Maximum allowed            ; 1      ;
+----------------------------+--------+


+--------------------------------------------------------------------------------------------------------------------------------------------+
; Analysis & Synthesis Source Files Read                                                                                                     ;
+----------------------------------+-----------------+------------------------+----------------------------------------------------+---------+
; File Name with User-Entered Path ; Used in Netlist ; File Type              ; File Name with Absolute Path                       ; Library ;
+----------------------------------+-----------------+------------------------+----------------------------------------------------+---------+
; alu_tb.v                         ; yes             ; User Verilog HDL File  ; U:/Acads 5th Sem/EE 337 Lab/project lc-3b/alu_tb.v ;         ;
+----------------------------------+-----------------+------------------------+----------------------------------------------------+---------+


+--------------------------------------------------------+
; Analysis & Synthesis Resource Usage Summary            ;
+---------------------------------------------+----------+
; Resource                                    ; Usage    ;
+---------------------------------------------+----------+
; Total logic elements                        ; 54       ;
;     -- Combinational with no register       ; 54       ;
;     -- Register only                        ; 0        ;
;     -- Combinational with a register        ; 0        ;
;                                             ;          ;
; Logic element usage by number of LUT inputs ;          ;
;     -- 4 input functions                    ; 22       ;
;     -- 3 input functions                    ; 31       ;
;     -- 2 input functions                    ; 1        ;
;     -- 1 input functions                    ; 0        ;
;     -- 0 input functions                    ; 0        ;
;                                             ;          ;
; Logic elements by mode                      ;          ;
;     -- normal mode                          ; 39       ;
;     -- arithmetic mode                      ; 15       ;
;     -- qfbk mode                            ; 0        ;
;     -- register cascade mode                ; 0        ;
;     -- synchronous clear/load mode          ; 0        ;
;     -- asynchronous clear/load mode         ; 0        ;
;                                             ;          ;
; Total registers                             ; 0        ;
; Total logic cells in carry chains           ; 16       ;
; I/O pins                                    ; 60       ;
; Maximum fan-out node                        ; opval[0] ;
; Maximum fan-out                             ; 16       ;
; Total fan-out                               ; 202      ;
; Average fan-out                             ; 1.77     ;
+---------------------------------------------+----------+


+----------------------------------------------------------------------------------------------------------------------------------------------------------------------------------------------------------------------+
; Analysis & Synthesis Resource Utilization by Entity                                                                                                                                                                  ;
+----------------------------+-------------+--------------+------------+------+--------------+--------------+-------------------+------------------+-----------------+------------+---------------------+--------------+
; Compilation Hierarchy Node ; Logic Cells ; LC Registers ; UFM Blocks ; Pins ; Virtual Pins ; LUT-Only LCs ; Register-Only LCs ; LUT/Register LCs ; Carry Chain LCs ; Packed LCs ; Full Hierarchy Name ; Library Name ;
+----------------------------+-------------+--------------+------------+------+--------------+--------------+-------------------+------------------+-----------------+------------+---------------------+--------------+
; |ALU                       ; 54 (54)     ; 0            ; 0          ; 60   ; 0            ; 54 (54)      ; 0 (0)             ; 0 (0)            ; 16 (16)         ; 0 (0)      ; |ALU                ; work         ;
+----------------------------+-------------+--------------+------------+------+--------------+--------------+-------------------+------------------+-----------------+------------+---------------------+--------------+
Note: For table entries with two numbers listed, the numbers in parentheses indicate the number of resources of the given type used by the specific entity alone. The numbers listed outside of parentheses indicate the total resources of the given type used by the specific entity and all of its sub-entities in the hierarchy.


+----------------------------------------------------------------------------------------------------+
; User-Specified and Inferred Latches                                                                ;
+-----------------------------------------------------+---------------------+------------------------+
; Latch Name                                          ; Latch Enable Signal ; Free of Timing Hazards ;
+-----------------------------------------------------+---------------------+------------------------+
; D[0]$latch                                          ; opval[1]            ; yes                    ;
; D[1]$latch                                          ; opval[1]            ; yes                    ;
; D[2]$latch                                          ; opval[1]            ; yes                    ;
; D[3]$latch                                          ; opval[1]            ; yes                    ;
; D[4]$latch                                          ; opval[1]            ; yes                    ;
; D[5]$latch                                          ; opval[1]            ; yes                    ;
; D[6]$latch                                          ; opval[1]            ; yes                    ;
; D[7]$latch                                          ; opval[1]            ; yes                    ;
; D[8]$latch                                          ; opval[1]            ; yes                    ;
; D[9]$latch                                          ; opval[1]            ; yes                    ;
; D[10]$latch                                         ; opval[1]            ; yes                    ;
; D[11]$latch                                         ; opval[1]            ; yes                    ;
; D[12]$latch                                         ; opval[1]            ; yes                    ;
; D[13]$latch                                         ; opval[1]            ; yes                    ;
; D[14]$latch                                         ; opval[1]            ; yes                    ;
; D[15]$latch                                         ; opval[1]            ; yes                    ;
; Number of user-specified and inferred latches = 16  ;                     ;                        ;
+-----------------------------------------------------+---------------------+------------------------+
Note: All latches listed above may not be present at the end of synthesis due to various synthesis optimizations.


+------------------------------------------------------+
; General Register Statistics                          ;
+----------------------------------------------+-------+
; Statistic                                    ; Value ;
+----------------------------------------------+-------+
; Total registers                              ; 0     ;
; Number of registers using Synchronous Clear  ; 0     ;
; Number of registers using Synchronous Load   ; 0     ;
; Number of registers using Asynchronous Clear ; 0     ;
; Number of registers using Asynchronous Load  ; 0     ;
; Number of registers using Clock Enable       ; 0     ;
; Number of registers using Preset             ; 0     ;
+----------------------------------------------+-------+


+-------------------------------+
; Analysis & Synthesis Messages ;
+-------------------------------+
Info: *******************************************************************
Info: Running Quartus II 64-Bit Analysis & Synthesis
    Info: Version 13.1.0 Build 162 10/23/2013 SJ Web Edition
    Info: Processing started: Tue Oct 07 16:43:50 2014
Info: Command: quartus_map --read_settings_files=on --write_settings_files=off ALU -c ALU
Warning (20028): Parallel compilation is not licensed and has been disabled
Info (12021): Found 2 design units, including 2 entities, in source file alu_tb.v
    Info (12023): Found entity 1: alu_tb
    Info (12023): Found entity 2: ALU
Info (12021): Found 2 design units, including 2 entities, in source file regfile_tb.v
    Info (12023): Found entity 1: regfile_tb
    Info (12023): Found entity 2: RegFile
Info (12127): Elaborating entity "ALU" for the top level hierarchy
Warning (10235): Verilog HDL Always Construct warning at alu_tb.v(88): variable "opval" is read inside the Always Construct but isn't in the Always Construct's Event Control
Warning (10235): Verilog HDL Always Construct warning at alu_tb.v(88): variable "A1" is read inside the Always Construct but isn't in the Always Construct's Event Control
Warning (10235): Verilog HDL Always Construct warning at alu_tb.v(88): variable "A2" is read inside the Always Construct but isn't in the Always Construct's Event Control
Warning (10235): Verilog HDL Always Construct warning at alu_tb.v(89): variable "opval" is read inside the Always Construct but isn't in the Always Construct's Event Control
Warning (10235): Verilog HDL Always Construct warning at alu_tb.v(89): variable "A1" is read inside the Always Construct but isn't in the Always Construct's Event Control
Warning (10235): Verilog HDL Always Construct warning at alu_tb.v(89): variable "A2" is read inside the Always Construct but isn't in the Always Construct's Event Control
Warning (10235): Verilog HDL Always Construct warning at alu_tb.v(90): variable "opval" is read inside the Always Construct but isn't in the Always Construct's Event Control
Warning (10235): Verilog HDL Always Construct warning at alu_tb.v(91): variable "opval" is read inside the Always Construct but isn't in the Always Construct's Event Control
Warning (10240): Verilog HDL Always Construct warning at alu_tb.v(87): inferring latch(es) for variable "D", which holds its previous value in one or more paths through the always construct
Warning (10230): Verilog HDL assignment warning at alu_tb.v(103): truncated value with size 32 to match size of target (1)
Warning (10230): Verilog HDL assignment warning at alu_tb.v(104): truncated value with size 32 to match size of target (1)
Warning (10230): Verilog HDL assignment warning at alu_tb.v(105): truncated value with size 32 to match size of target (1)
Info (10041): Inferred latch for "D[0]" at alu_tb.v(89)
Info (10041): Inferred latch for "D[1]" at alu_tb.v(89)
Info (10041): Inferred latch for "D[2]" at alu_tb.v(89)
Info (10041): Inferred latch for "D[3]" at alu_tb.v(89)
Info (10041): Inferred latch for "D[4]" at alu_tb.v(89)
Info (10041): Inferred latch for "D[5]" at alu_tb.v(89)
Info (10041): Inferred latch for "D[6]" at alu_tb.v(89)
Info (10041): Inferred latch for "D[7]" at alu_tb.v(89)
Info (10041): Inferred latch for "D[8]" at alu_tb.v(89)
Info (10041): Inferred latch for "D[9]" at alu_tb.v(89)
Info (10041): Inferred latch for "D[10]" at alu_tb.v(89)
Info (10041): Inferred latch for "D[11]" at alu_tb.v(89)
Info (10041): Inferred latch for "D[12]" at alu_tb.v(89)
Info (10041): Inferred latch for "D[13]" at alu_tb.v(89)
Info (10041): Inferred latch for "D[14]" at alu_tb.v(89)
Info (10041): Inferred latch for "D[15]" at alu_tb.v(89)
Warning (21074): Design contains 7 input pin(s) that do not drive logic
    Warning (15610): No output dependent on input pin "clk"
    Warning (15610): No output dependent on input pin "shiftop[0]"
    Warning (15610): No output dependent on input pin "shiftop[1]"
    Warning (15610): No output dependent on input pin "amount4[0]"
    Warning (15610): No output dependent on input pin "amount4[1]"
    Warning (15610): No output dependent on input pin "amount4[2]"
    Warning (15610): No output dependent on input pin "amount4[3]"
Info (21057): Implemented 114 device resources after synthesis - the final resource count might be different
    Info (21058): Implemented 41 input pins
    Info (21059): Implemented 19 output pins
    Info (21061): Implemented 54 logic cells
Info: Quartus II 64-Bit Analysis & Synthesis was successful. 0 errors, 21 warnings
    Info: Peak virtual memory: 467 megabytes
    Info: Processing ended: Tue Oct 07 16:43:54 2014
    Info: Elapsed time: 00:00:04
    Info: Total CPU time (on all processors): 00:00:03


